# JRE version: Java(TM) SE Runtime Environment (8.0_51-b16) (build 1.8.0_51-b16)
# Java VM: Java HotSpot(TM) 64-Bit Server VM (25.51-b03 mixed mode windows-amd64 compressed oops)
Heap:
 PSYoungGen      total 2255872K, used 1668414K [0x0000000715580000, 0x00000007beb00000, 0x00000007c0000000)
  eden space 1750016K, 91% used [0x0000000715580000,0x0000000776c77340,0x0000000780280000)
  from space 505856K, 14% used [0x0000000780280000,0x00000007848d8830,0x000000079f080000)
  to   space 487424K, 0% used [0x00000007a0f00000,0x00000007a0f00000,0x00000007beb00000)
 ParOldGen       total 2514944K, used 1898312K [0x00000005c0000000, 0x0000000659800000, 0x0000000715580000)
  object space 2514944K, 75% used [0x00000005c0000000,0x0000000633dd2288,0x0000000659800000)
 Metaspace       used 240120K, capacity 245192K, committed 245464K, reserved 1251328K
  class space    used 42295K, capacity 43981K, committed 43992K, reserved 1048576K
GC Heap History (10 events):
Event: 517.921 GC heap before
{Heap before GC invocations=65 (full 8):
 PSYoungGen      total 2228736K, used 1907350K [0x0000000715580000, 0x00000007c0000000, 0x00000007c0000000)
  eden space 1706496K, 100% used [0x0000000715580000,0x000000077d800000,0x000000077d800000)
  from space 522240K, 38% used [0x000000079c880000,0x00000007a8ca5920,0x00000007bc680000)
  to   space 508416K, 0% used [0x000000077d800000,0x000000077d800000,0x000000079c880000)
 ParOldGen       total 1426944K, used 1235827K [0x00000005c0000000, 0x0000000617180000, 0x0000000715580000)
  object space 1426944K, 86% used [0x00000005c0000000,0x000000060b6dcc78,0x0000000617180000)
 Metaspace       used 238297K, capacity 243234K, committed 243800K, reserved 1249280K
  class space    used 42098K, capacity 43788K, committed 43864K, reserved 1048576K
Event: 518.112 GC heap after
Heap after GC invocations=65 (full 8):
 PSYoungGen      total 2214912K, used 220966K [0x0000000715580000, 0x00000007bcf80000, 0x00000007c0000000)
  eden space 1706496K, 0% used [0x0000000715580000,0x0000000715580000,0x000000077d800000)
  from space 508416K, 43% used [0x000000077d800000,0x000000078afc9b00,0x000000079c880000)
  to   space 490496K, 0% used [0x000000079f080000,0x000000079f080000,0x00000007bcf80000)
 ParOldGen       total 1426944K, used 1281302K [0x00000005c0000000, 0x0000000617180000, 0x0000000715580000)
  object space 1426944K, 89% used [0x00000005c0000000,0x000000060e345918,0x0000000617180000)
 Metaspace       used 238297K, capacity 243234K, committed 243800K, reserved 1249280K
  class space    used 42098K, capacity 43788K, committed 43864K, reserved 1048576K
}
Event: 520.079 GC heap before
{Heap before GC invocations=66 (full 8):
 PSYoungGen      total 2214912K, used 1927462K [0x0000000715580000, 0x00000007bcf80000, 0x00000007c0000000)
  eden space 1706496K, 100% used [0x0000000715580000,0x000000077d800000,0x000000077d800000)
  from space 508416K, 43% used [0x000000077d800000,0x000000078afc9b00,0x000000079c880000)
  to   space 490496K, 0% used [0x000000079f080000,0x000000079f080000,0x00000007bcf80000)
 ParOldGen       total 1426944K, used 1281302K [0x00000005c0000000, 0x0000000617180000, 0x0000000715580000)
  object space 1426944K, 89% used [0x00000005c0000000,0x000000060e345918,0x0000000617180000)
 Metaspace       used 238561K, capacity 243626K, committed 244056K, reserved 1249280K
  class space    used 42130K, capacity 43798K, committed 43864K, reserved 1048576K
Event: 520.382 GC heap after
Heap after GC invocations=66 (full 8):
 PSYoungGen      total 2240512K, used 361739K [0x0000000715580000, 0x00000007c0000000, 0x00000007c0000000)
  eden space 1750016K, 0% used [0x0000000715580000,0x0000000715580000,0x0000000780280000)
  from space 490496K, 73% used [0x000000079f080000,0x00000007b51c2dc8,0x00000007bcf80000)
  to   space 505856K, 0% used [0x0000000780280000,0x0000000780280000,0x000000079f080000)
 ParOldGen       total 1426944K, used 1344806K [0x00000005c0000000, 0x0000000617180000, 0x0000000715580000)
  object space 1426944K, 94% used [0x00000005c0000000,0x0000000612149a20,0x0000000617180000)
 Metaspace       used 238561K, capacity 243626K, committed 244056K, reserved 1249280K
  class space    used 42130K, capacity 43798K, committed 43864K, reserved 1048576K
}
Event: 520.382 GC heap before
{Heap before GC invocations=67 (full 9):
 PSYoungGen      total 2240512K, used 361739K [0x0000000715580000, 0x00000007c0000000, 0x00000007c0000000)
  eden space 1750016K, 0% used [0x0000000715580000,0x0000000715580000,0x0000000780280000)
  from space 490496K, 73% used [0x000000079f080000,0x00000007b51c2dc8,0x00000007bcf80000)
  to   space 505856K, 0% used [0x0000000780280000,0x0000000780280000,0x000000079f080000)
 ParOldGen       total 1426944K, used 1344806K [0x00000005c0000000, 0x0000000617180000, 0x0000000715580000)
  object space 1426944K, 94% used [0x00000005c0000000,0x0000000612149a20,0x0000000617180000)
 Metaspace       used 238561K, capacity 243626K, committed 244056K, reserved 1249280K
  class space    used 42130K, capacity 43798K, committed 43864K, reserved 1048576K
Event: 529.010 GC heap after
Heap after GC invocations=67 (full 9):
 PSYoungGen      total 2240512K, used 273534K [0x0000000715580000, 0x00000007c0000000, 0x00000007c0000000)
  eden space 1750016K, 0% used [0x0000000715580000,0x0000000715580000,0x0000000780280000)
  from space 490496K, 55% used [0x000000079f080000,0x00000007afb9fb68,0x00000007bcf80000)
  to   space 505856K, 0% used [0x0000000780280000,0x0000000780280000,0x000000079f080000)
 ParOldGen       total 1898496K, used 1426905K [0x00000005c0000000, 0x0000000633e00000, 0x0000000715580000)
  object space 1898496K, 75% used [0x00000005c0000000,0x00000006171767a0,0x0000000633e00000)
 Metaspace       used 238553K, capacity 243614K, committed 244056K, reserved 1249280K
  class space    used 42126K, capacity 43792K, committed 43864K, reserved 1048576K
}
Event: 531.739 GC heap before
{Heap before GC invocations=68 (full 9):
 PSYoungGen      total 2240512K, used 2023550K [0x0000000715580000, 0x00000007c0000000, 0x00000007c0000000)
  eden space 1750016K, 100% used [0x0000000715580000,0x0000000780280000,0x0000000780280000)
  from space 490496K, 55% used [0x000000079f080000,0x00000007afb9fb68,0x00000007bcf80000)
  to   space 505856K, 0% used [0x0000000780280000,0x0000000780280000,0x000000079f080000)
 ParOldGen       total 1898496K, used 1426905K [0x00000005c0000000, 0x0000000633e00000, 0x0000000715580000)
  object space 1898496K, 75% used [0x00000005c0000000,0x00000006171767a0,0x0000000633e00000)
 Metaspace       used 239305K, capacity 244340K, committed 244696K, reserved 1249280K
  class space    used 42209K, capacity 43901K, committed 43992K, reserved 1048576K
Event: 532.335 GC heap after
Heap after GC invocations=68 (full 9):
 PSYoungGen      total 2255872K, used 282810K [0x0000000715580000, 0x00000007beb00000, 0x00000007c0000000)
  eden space 1750016K, 0% used [0x0000000715580000,0x0000000715580000,0x0000000780280000)
  from space 505856K, 55% used [0x0000000780280000,0x00000007916ae838,0x000000079f080000)
  to   space 487424K, 0% used [0x00000007a0f00000,0x00000007a0f00000,0x00000007beb00000)
 ParOldGen       total 1898496K, used 1701758K [0x00000005c0000000, 0x0000000633e00000, 0x0000000715580000)
  object space 1898496K, 89% used [0x00000005c0000000,0x0000000627ddf9b0,0x0000000633e00000)
 Metaspace       used 239305K, capacity 244340K, committed 244696K, reserved 1249280K
  class space    used 42209K, capacity 43901K, committed 43992K, reserved 1048576K
}
Event: 532.335 GC heap before
{Heap before GC invocations=69 (full 10):
 PSYoungGen      total 2255872K, used 282810K [0x0000000715580000, 0x00000007beb00000, 0x00000007c0000000)
  eden space 1750016K, 0% used [0x0000000715580000,0x0000000715580000,0x0000000780280000)
  from space 505856K, 55% used [0x0000000780280000,0x00000007916ae838,0x000000079f080000)
  to   space 487424K, 0% used [0x00000007a0f00000,0x00000007a0f00000,0x00000007beb00000)
 ParOldGen       total 1898496K, used 1701758K [0x00000005c0000000, 0x0000000633e00000, 0x0000000715580000)
  object space 1898496K, 89% used [0x00000005c0000000,0x0000000627ddf9b0,0x0000000633e00000)
 Metaspace       used 239305K, capacity 244340K, committed 244696K, reserved 1249280K
  class space    used 42209K, capacity 43901K, committed 43992K, reserved 1048576K
Event: 540.307 GC heap after
Heap after GC invocations=69 (full 10):
 PSYoungGen      total 2255872K, used 72034K [0x0000000715580000, 0x00000007beb00000, 0x00000007c0000000)
  eden space 1750016K, 0% used [0x0000000715580000,0x0000000715580000,0x0000000780280000)
  from space 505856K, 14% used [0x0000000780280000,0x00000007848d8830,0x000000079f080000)
  to   space 487424K, 0% used [0x00000007a0f00000,0x00000007a0f00000,0x00000007beb00000)
 ParOldGen       total 2514944K, used 1898312K [0x00000005c0000000, 0x0000000659800000, 0x0000000715580000)
  object space 2514944K, 75% used [0x00000005c0000000,0x0000000633dd2288,0x0000000659800000)
 Metaspace       used 239305K, capacity 244340K, committed 244696K, reserved 1249280K
  class space    used 42209K, capacity 43901K, committed 43992K, reserved 1048576K
}

