# JRE version: Java(TM) SE Runtime Environment (8.0_51-b16) (build 1.8.0_51-b16)
# Java VM: Java HotSpot(TM) 64-Bit Server VM (25.51-b03 mixed mode windows-amd64 compressed oops)
Heap:
 PSYoungGen      total 1547264K, used 1127589K [0x0000000715580000, 0x00000007c0000000, 0x00000007c0000000)
  eden space 945664K, 65% used [0x0000000715580000,0x000000073b0097e0,0x000000074f100000)
  from space 601600K, 84% used [0x000000074f100000,0x000000076e39ff20,0x0000000773c80000)
  to   space 931840K, 0% used [0x0000000787200000,0x0000000787200000,0x00000007c0000000)
 ParOldGen       total 1967616K, used 1464737K [0x00000005c0000000, 0x0000000638180000, 0x0000000715580000)
  object space 1967616K, 74% used [0x00000005c0000000,0x00000006196684b0,0x0000000638180000)
 Metaspace       used 240106K, capacity 245185K, committed 245720K, reserved 1251328K
  class space    used 42295K, capacity 43981K, committed 44032K, reserved 1048576K
GC Heap History (10 events):
Event: 364.716 GC heap before
{Heap before GC invocations=65 (full 7):
 PSYoungGen      total 1962496K, used 1564461K [0x0000000715580000, 0x00000007c0000000, 0x00000007c0000000)
  eden space 1128960K, 100% used [0x0000000715580000,0x000000075a400000,0x000000075a400000)
  from space 833536K, 52% used [0x000000075a400000,0x0000000774d4b460,0x000000078d200000)
  to   space 833024K, 0% used [0x000000078d280000,0x000000078d280000,0x00000007c0000000)
 ParOldGen       total 1464832K, used 1053597K [0x00000005c0000000, 0x0000000619680000, 0x0000000715580000)
  object space 1464832K, 71% used [0x00000005c0000000,0x00000006004e7518,0x0000000619680000)
 Metaspace       used 238668K, capacity 243647K, committed 244056K, reserved 1249280K
  class space    used 42139K, capacity 43826K, committed 43904K, reserved 1048576K
Event: 365.261 GC heap after
Heap after GC invocations=65 (full 7):
 PSYoungGen      total 1918976K, used 572024K [0x0000000715580000, 0x00000007c0000000, 0x00000007c0000000)
  eden space 1085952K, 0% used [0x0000000715580000,0x0000000715580000,0x0000000757a00000)
  from space 833024K, 68% used [0x000000078d280000,0x00000007b011e138,0x00000007c0000000)
  to   space 855040K, 0% used [0x0000000757a00000,0x0000000757a00000,0x000000078bd00000)
 ParOldGen       total 1464832K, used 1071938K [0x00000005c0000000, 0x0000000619680000, 0x0000000715580000)
  object space 1464832K, 73% used [0x00000005c0000000,0x00000006016d09c8,0x0000000619680000)
 Metaspace       used 238668K, capacity 243647K, committed 244056K, reserved 1249280K
  class space    used 42139K, capacity 43826K, committed 43904K, reserved 1048576K
}
Event: 366.128 GC heap before
{Heap before GC invocations=66 (full 7):
 PSYoungGen      total 1918976K, used 1657976K [0x0000000715580000, 0x00000007c0000000, 0x00000007c0000000)
  eden space 1085952K, 100% used [0x0000000715580000,0x0000000757a00000,0x0000000757a00000)
  from space 833024K, 68% used [0x000000078d280000,0x00000007b011e138,0x00000007c0000000)
  to   space 855040K, 0% used [0x0000000757a00000,0x0000000757a00000,0x000000078bd00000)
 ParOldGen       total 1464832K, used 1071938K [0x00000005c0000000, 0x0000000619680000, 0x0000000715580000)
  object space 1464832K, 73% used [0x00000005c0000000,0x00000006016d09c8,0x0000000619680000)
 Metaspace       used 238767K, capacity 243787K, committed 244312K, reserved 1249280K
  class space    used 42150K, capacity 43828K, committed 43904K, reserved 1048576K
Event: 366.703 GC heap after
Heap after GC invocations=66 (full 7):
 PSYoungGen      total 1666560K, used 580444K [0x0000000715580000, 0x00000007c0000000, 0x00000007c0000000)
  eden space 1085952K, 0% used [0x0000000715580000,0x0000000715580000,0x0000000757a00000)
  from space 580608K, 99% used [0x0000000757a00000,0x000000077b0d7238,0x000000077b100000)
  to   space 872960K, 0% used [0x000000078ab80000,0x000000078ab80000,0x00000007c0000000)
 ParOldGen       total 1464832K, used 1244640K [0x00000005c0000000, 0x0000000619680000, 0x0000000715580000)
  object space 1464832K, 84% used [0x00000005c0000000,0x000000060bf783b0,0x0000000619680000)
 Metaspace       used 238767K, capacity 243787K, committed 244312K, reserved 1249280K
  class space    used 42150K, capacity 43828K, committed 43904K, reserved 1048576K
}
Event: 368.583 GC heap before
{Heap before GC invocations=67 (full 7):
 PSYoungGen      total 1666560K, used 1666396K [0x0000000715580000, 0x00000007c0000000, 0x00000007c0000000)
  eden space 1085952K, 100% used [0x0000000715580000,0x0000000757a00000,0x0000000757a00000)
  from space 580608K, 99% used [0x0000000757a00000,0x000000077b0d7238,0x000000077b100000)
  to   space 872960K, 0% used [0x000000078ab80000,0x000000078ab80000,0x00000007c0000000)
 ParOldGen       total 1464832K, used 1244640K [0x00000005c0000000, 0x0000000619680000, 0x0000000715580000)
  object space 1464832K, 84% used [0x00000005c0000000,0x000000060bf783b0,0x0000000619680000)
 Metaspace       used 239380K, capacity 244461K, committed 244824K, reserved 1251328K
  class space    used 42209K, capacity 43901K, committed 43904K, reserved 1048576K
Event: 369.033 GC heap after
Heap after GC invocations=67 (full 7):
 PSYoungGen      total 1818624K, used 690060K [0x0000000715580000, 0x00000007c0000000, 0x00000007c0000000)
  eden space 945664K, 0% used [0x0000000715580000,0x0000000715580000,0x000000074f100000)
  from space 872960K, 79% used [0x000000078ab80000,0x00000007b4d63008,0x00000007c0000000)
  to   space 925184K, 0% used [0x000000074f100000,0x000000074f100000,0x0000000787880000)
 ParOldGen       total 1464832K, used 1293423K [0x00000005c0000000, 0x0000000619680000, 0x0000000715580000)
  object space 1464832K, 88% used [0x00000005c0000000,0x000000060ef1bc90,0x0000000619680000)
 Metaspace       used 239380K, capacity 244461K, committed 244824K, reserved 1251328K
  class space    used 42209K, capacity 43901K, committed 43904K, reserved 1048576K
}
Event: 370.795 GC heap before
{Heap before GC invocations=68 (full 7):
 PSYoungGen      total 1818624K, used 1635724K [0x0000000715580000, 0x00000007c0000000, 0x00000007c0000000)
  eden space 945664K, 100% used [0x0000000715580000,0x000000074f100000,0x000000074f100000)
  from space 872960K, 79% used [0x000000078ab80000,0x00000007b4d63008,0x00000007c0000000)
  to   space 925184K, 0% used [0x000000074f100000,0x000000074f100000,0x0000000787880000)
 ParOldGen       total 1464832K, used 1293423K [0x00000005c0000000, 0x0000000619680000, 0x0000000715580000)
  object space 1464832K, 88% used [0x00000005c0000000,0x000000060ef1bc90,0x0000000619680000)
 Metaspace       used 239655K, capacity 244757K, committed 245208K, reserved 1251328K
  class space    used 42243K, capacity 43935K, committed 44032K, reserved 1048576K
Event: 371.187 GC heap after
Heap after GC invocations=68 (full 7):
 PSYoungGen      total 1547264K, used 601122K [0x0000000715580000, 0x00000007c0000000, 0x00000007c0000000)
  eden space 945664K, 0% used [0x0000000715580000,0x0000000715580000,0x000000074f100000)
  from space 601600K, 99% used [0x000000074f100000,0x0000000773c08a28,0x0000000773c80000)
  to   space 931840K, 0% used [0x0000000787200000,0x0000000787200000,0x00000007c0000000)
 ParOldGen       total 1464832K, used 1387527K [0x00000005c0000000, 0x0000000619680000, 0x0000000715580000)
  object space 1464832K, 94% used [0x00000005c0000000,0x0000000614b01ca8,0x0000000619680000)
 Metaspace       used 239655K, capacity 244757K, committed 245208K, reserved 1251328K
  class space    used 42243K, capacity 43935K, committed 44032K, reserved 1048576K
}
Event: 371.187 GC heap before
{Heap before GC invocations=69 (full 8):
 PSYoungGen      total 1547264K, used 601122K [0x0000000715580000, 0x00000007c0000000, 0x00000007c0000000)
  eden space 945664K, 0% used [0x0000000715580000,0x0000000715580000,0x000000074f100000)
  from space 601600K, 99% used [0x000000074f100000,0x0000000773c08a28,0x0000000773c80000)
  to   space 931840K, 0% used [0x0000000787200000,0x0000000787200000,0x00000007c0000000)
 ParOldGen       total 1464832K, used 1387527K [0x00000005c0000000, 0x0000000619680000, 0x0000000715580000)
  object space 1464832K, 94% used [0x00000005c0000000,0x0000000614b01ca8,0x0000000619680000)
 Metaspace       used 239655K, capacity 244757K, committed 245208K, reserved 1251328K
  class space    used 42243K, capacity 43935K, committed 44032K, reserved 1048576K
Event: 380.210 GC heap after
Heap after GC invocations=69 (full 8):
 PSYoungGen      total 1547264K, used 510591K [0x0000000715580000, 0x00000007c0000000, 0x00000007c0000000)
  eden space 945664K, 0% used [0x0000000715580000,0x0000000715580000,0x000000074f100000)
  from space 601600K, 84% used [0x000000074f100000,0x000000076e39ff20,0x0000000773c80000)
  to   space 931840K, 0% used [0x0000000787200000,0x0000000787200000,0x00000007c0000000)
 ParOldGen       total 1967616K, used 1464737K [0x00000005c0000000, 0x0000000638180000, 0x0000000715580000)
  object space 1967616K, 74% used [0x00000005c0000000,0x00000006196684b0,0x0000000638180000)
 Metaspace       used 239655K, capacity 244757K, committed 245208K, reserved 1251328K
  class space    used 42243K, capacity 43935K, committed 44032K, reserved 1048576K
}

